<?xml version="1.0" encoding="UTF-8"?>
<testng-results skipped="0" failed="0" ignored="0" total="1" passed="1">
  <reporter-output>
    <line>
      <![CDATA[Chrome Opened]]>
    </line>
    <line>
      <![CDATA[https://www.zoopla.co.uk/ Opened]]>
    </line>
  </reporter-output>
  <suite name="Default suite" duration-ms="25984" started-at="2019-08-05T07:20:44Z" finished-at="2019-08-05T07:21:10Z">
    <groups>
    </groups>
    <test name="Default test" duration-ms="25984" started-at="2019-08-05T07:20:44Z" finished-at="2019-08-05T07:21:10Z">
      <class name="com.qa.tests.Zoopla">
        <test-method status="PASS" signature="Setup()[pri:0, instance:com.qa.tests.Zoopla@6366ebe0]" name="Setup" is-config="true" duration-ms="9743" started-at="2019-08-05T07:20:44Z" finished-at="2019-08-05T07:20:54Z">
          <reporter-output>
            <line>
              <![CDATA[Chrome Opened]]>
            </line>
            <line>
              <![CDATA[https://www.zoopla.co.uk/ Opened]]>
            </line>
          </reporter-output>
        </test-method> <!-- Setup -->
        <test-method status="PASS" signature="TC_001()[pri:1, instance:com.qa.tests.Zoopla@6366ebe0]" name="TC_001" duration-ms="15348" started-at="2019-08-05T07:20:54Z" finished-at="2019-08-05T07:21:09Z">
          <reporter-output>
          </reporter-output>
        </test-method> <!-- TC_001 -->
        <test-method status="PASS" signature="TearDown()[pri:0, instance:com.qa.tests.Zoopla@6366ebe0]" name="TearDown" is-config="true" duration-ms="880" started-at="2019-08-05T07:21:09Z" finished-at="2019-08-05T07:21:10Z">
          <reporter-output>
          </reporter-output>
        </test-method> <!-- TearDown -->
      </class> <!-- com.qa.tests.Zoopla -->
    </test> <!-- Default test -->
  </suite> <!-- Default suite -->
</testng-results>
